%!Adobe-FontList 1.14
%Locale:0x409

%BeginFont
Handler:DirectoryHandler
FontType:Invalid
OutlineFileName:\GothaBol
FileModTime:1357912626
%EndFont

%BeginFont
Handler:DirectoryHandler
FontType:Invalid
OutlineFileName:\GothaBooIta
FileModTime:1357912626
%EndFont

%BeginFont
Handler:DirectoryHandler
FontType:Invalid
OutlineFileName:\GothaLig
FileModTime:1357912626
%EndFont

%BeginFont
Handler:DirectoryHandler
FontType:Invalid
OutlineFileName:\GothaLigIta
FileModTime:1357912626
%EndFont

%BeginFont
Handler:DirectoryHandler
FontType:Invalid
OutlineFileName:\Gotham Bold
FileModTime:1357912626
%EndFont

%BeginFont
Handler:DirectoryHandler
FontType:Invalid
OutlineFileName:\Gotham Light
FileModTime:1357912626
%EndFont

%BeginFont
Handler:DirectoryHandler
FontType:Invalid
OutlineFileName:\Gotham Medium
FileModTime:1357912626
%EndFont

