%!Adobe-FontList 1.14
%Locale:0x409

%BeginFont
Handler:DirectoryHandler
FontType:Invalid
OutlineFileName:\GothaBol
FileModTime:1358159915
%EndFont

%BeginFont
Handler:DirectoryHandler
FontType:Invalid
OutlineFileName:\GothaBoo
FileModTime:1358159915
%EndFont

%BeginFont
Handler:DirectoryHandler
FontType:Invalid
OutlineFileName:\GothaBooIta
FileModTime:1358159915
%EndFont

%BeginFont
Handler:DirectoryHandler
FontType:Invalid
OutlineFileName:\GothaLig
FileModTime:1358159915
%EndFont

%BeginFont
Handler:DirectoryHandler
FontType:Invalid
OutlineFileName:\Gotham Bold
FileModTime:1358159915
%EndFont

%BeginFont
Handler:DirectoryHandler
FontType:Invalid
OutlineFileName:\Gotham Book
FileModTime:1358159915
%EndFont

%BeginFont
Handler:DirectoryHandler
FontType:Invalid
OutlineFileName:\Gotham Light
FileModTime:1358159915
%EndFont

%BeginFont
Handler:DirectoryHandler
FontType:Invalid
OutlineFileName:\Gotham Medium
FileModTime:1358159915
%EndFont

%BeginFont
Handler:DirectoryHandler
FontType:Invalid
OutlineFileName:\GothaMed
FileModTime:1358159915
%EndFont

