%!Adobe-FontList 1.14
%Locale:0x409

%BeginFont
Handler:DirectoryHandler
FontType:Type1
FontName:Gotham-Bold
FamilyName:Gotham
StyleName:Bold
MenuName:Gotham
StyleBits:2
WeightClass:700
WidthClass:5
AngleClass:0
FullName:Gotham-Bold
WritingScript:Roman
OutlineFileName:\GothaBol
DataFormat:POSTResource
UsesStandardEncoding:no
isCFF:no
FileLength:35360
FileModTime:1316006402
DesignSize:-1
%EndFont

%BeginFont
Handler:DirectoryHandler
FontType:Type1
FontName:Gotham-Book
FamilyName:Gotham
StyleName:Book
MenuName:Gotham
StyleBits:0
WeightClass:400
WidthClass:5
AngleClass:0
FullName:Gotham-Book
WritingScript:Roman
OutlineFileName:\GothaBoo
DataFormat:POSTResource
UsesStandardEncoding:no
isCFF:no
FileLength:34921
FileModTime:1297091050
DesignSize:-1
%EndFont

%BeginFont
Handler:DirectoryHandler
FontType:Type1
FontName:Gotham-BookItalic
FamilyName:Gotham
StyleName:BookItalic
MenuName:Gotham
StyleBits:1
WeightClass:400
WidthClass:5
AngleClass:1
FullName:Gotham-BookItalic
WritingScript:Roman
OutlineFileName:\GothaBooIta
DataFormat:POSTResource
UsesStandardEncoding:no
isCFF:no
FileLength:35615
FileModTime:1297091050
DesignSize:-1
%EndFont

%BeginFont
Handler:DirectoryHandler
FontType:Type1
FontName:Gotham-Light
FamilyName:Gotham
StyleName:Light
MenuName:Gotham
StyleBits:0
WeightClass:300
WidthClass:5
AngleClass:0
FullName:Gotham-Light
WritingScript:Roman
OutlineFileName:\GothaLig
DataFormat:POSTResource
UsesStandardEncoding:no
isCFF:no
FileLength:34971
FileModTime:1316006401
DesignSize:-1
%EndFont

%BeginFont
Handler:DirectoryHandler
FontType:Type1
FontName:Gotham-LightItalic
FamilyName:Gotham
StyleName:LightItalic
MenuName:Gotham
StyleBits:1
WeightClass:300
WidthClass:5
AngleClass:1
FullName:Gotham-LightItalic
WritingScript:Roman
OutlineFileName:\GothaLigIta
DataFormat:POSTResource
UsesStandardEncoding:no
isCFF:no
FileLength:35692
FileModTime:1316006401
DesignSize:-1
%EndFont

%BeginFont
Handler:DirectoryHandler
FontType:Suitcase
FontName:Gotham-Bold
OutlineFileName:\Gotham Bold
ResourceID:4161
MacStyle:0
FileLength:35040
FileModTime:1316006402
%EndFont

%BeginFont
Handler:DirectoryHandler
FontType:Suitcase
FontName:Gotham-BoldItalic
OutlineFileName:\Gotham Bold
ResourceID:4161
MacStyle:2
FileLength:35040
FileModTime:1316006402
%EndFont

%BeginFont
Handler:DirectoryHandler
FontType:Suitcase
FontName:Gotham-Book
OutlineFileName:\Gotham Book
ResourceID:4159
MacStyle:0
FileLength:33968
FileModTime:1297091050
%EndFont

%BeginFont
Handler:DirectoryHandler
FontType:Suitcase
FontName:Gotham-BookItalic
OutlineFileName:\Gotham Book
ResourceID:4159
MacStyle:2
FileLength:33968
FileModTime:1297091050
%EndFont

%BeginFont
Handler:DirectoryHandler
FontType:Suitcase
FontName:Gotham-Light
OutlineFileName:\Gotham Light
ResourceID:4158
MacStyle:0
FileLength:33150
FileModTime:1316006401
%EndFont

%BeginFont
Handler:DirectoryHandler
FontType:Suitcase
FontName:Gotham-LightItalic
OutlineFileName:\Gotham Light
ResourceID:4158
MacStyle:2
FileLength:33150
FileModTime:1316006401
%EndFont

%BeginFont
Handler:DirectoryHandler
FontType:Suitcase
FontName:Gotham-Medium
OutlineFileName:\Gotham Medium
ResourceID:4160
MacStyle:0
FileLength:34836
FileModTime:1316006401
%EndFont

%BeginFont
Handler:DirectoryHandler
FontType:Suitcase
FontName:Gotham-MediumItalic
OutlineFileName:\Gotham Medium
ResourceID:4160
MacStyle:2
FileLength:34836
FileModTime:1316006401
%EndFont

%BeginFont
Handler:DirectoryHandler
FontType:Suitcase
FontName:Gotham-Thin
OutlineFileName:\Gotham Thin
ResourceID:4282
MacStyle:0
FileLength:33916
FileModTime:1316006402
%EndFont

%BeginFont
Handler:DirectoryHandler
FontType:Suitcase
FontName:Gotham-ThinItalic
OutlineFileName:\Gotham Thin
ResourceID:4282
MacStyle:2
FileLength:33916
FileModTime:1316006402
%EndFont

%BeginFont
Handler:DirectoryHandler
FontType:Type1
FontName:Gotham-Medium
FamilyName:Gotham
StyleName:Medium
MenuName:Gotham
StyleBits:0
WeightClass:500
WidthClass:5
AngleClass:0
FullName:Gotham-Medium
WritingScript:Roman
OutlineFileName:\GothaMed
DataFormat:POSTResource
UsesStandardEncoding:no
isCFF:no
FileLength:35147
FileModTime:1316006402
DesignSize:-1
%EndFont

%BeginFont
Handler:DirectoryHandler
FontType:Type1
FontName:Gotham-MediumItalic
FamilyName:Gotham
StyleName:MediumItalic
MenuName:Gotham
StyleBits:1
WeightClass:500
WidthClass:5
AngleClass:1
FullName:Gotham-MediumItalic
WritingScript:Roman
OutlineFileName:\GothaMedIta
DataFormat:POSTResource
UsesStandardEncoding:no
isCFF:no
FileLength:35952
FileModTime:1316006402
DesignSize:-1
%EndFont

%BeginFont
Handler:DirectoryHandler
FontType:Type1
FontName:MinionPro-Regular
FamilyName:Minion Pro
StyleName:Regular
MenuName:Minion Pro
StyleBits:0
WeightClass:400
WidthClass:5
AngleClass:0
FullName:Minion Pro
WritingScript:Roman
OutlineFileName:\MinionPro-Regular.otf
DataFormat:sfntData
UsesStandardEncoding:yes
isCFF:yes
FileLength:217280
FileModTime:1342693237
DesignSize:110
%EndFont

